c:\users\ferranlx\desktop\fisica2\echo jammer\echo jammer\x64\debug\collider.obj
c:\users\ferranlx\desktop\fisica2\echo jammer\echo jammer\x64\debug\directionhelper.obj
c:\users\ferranlx\desktop\fisica2\echo jammer\echo jammer\x64\debug\globals.obj
c:\users\ferranlx\desktop\fisica2\echo jammer\echo jammer\x64\debug\main.obj
c:\users\ferranlx\desktop\fisica2\echo jammer\echo jammer\x64\debug\module.obj
c:\users\ferranlx\desktop\fisica2\echo jammer\echo jammer\x64\debug\moduleaudio.obj
c:\users\ferranlx\desktop\fisica2\echo jammer\echo jammer\x64\debug\modulecollisions.obj
c:\users\ferranlx\desktop\fisica2\echo jammer\echo jammer\x64\debug\modulefadetoblack.obj
c:\users\ferranlx\desktop\fisica2\echo jammer\echo jammer\x64\debug\modulefonts.obj
c:\users\ferranlx\desktop\fisica2\echo jammer\echo jammer\x64\debug\modulehud.obj
c:\users\ferranlx\desktop\fisica2\echo jammer\echo jammer\x64\debug\moduleinput.obj
c:\users\ferranlx\desktop\fisica2\echo jammer\echo jammer\x64\debug\moduleparticles.obj
c:\users\ferranlx\desktop\fisica2\echo jammer\echo jammer\x64\debug\modulephysics.obj
c:\users\ferranlx\desktop\fisica2\echo jammer\echo jammer\x64\debug\moduleplayer.obj
c:\users\ferranlx\desktop\fisica2\echo jammer\echo jammer\x64\debug\modulerender.obj
c:\users\ferranlx\desktop\fisica2\echo jammer\echo jammer\x64\debug\moduletextures.obj
c:\users\ferranlx\desktop\fisica2\echo jammer\echo jammer\x64\debug\modulewindow.obj
c:\users\ferranlx\desktop\fisica2\echo jammer\echo jammer\x64\debug\particle.obj
c:\users\ferranlx\desktop\fisica2\echo jammer\echo jammer\x64\debug\path.obj
c:\users\ferranlx\desktop\fisica2\echo jammer\echo jammer\x64\debug\patrolpath.obj
c:\users\ferranlx\desktop\fisica2\echo jammer\echo jammer\x64\debug\scena_exercisi2.obj
c:\users\ferranlx\desktop\fisica2\echo jammer\echo jammer\x64\debug\vc143.idb
c:\users\ferranlx\desktop\fisica2\echo jammer\echo jammer\x64\debug\vc143.pdb
c:\users\ferranlx\desktop\fisica2\echo jammer\echo jammer\x64\debug\echo jammer.tlog\cl.command.1.tlog
